Using pre-set license
Built from '2022.3/staging' branch; Version is '2022.3.8f1 (b5eafc012955) revision 11922172'; Using compiler version '192829333'; Build Type 'Release'
OS: 'Windows 11  (10.0.22621) 64bit CoreSingleLanguage' Language: 'tr' Physical Memory: 16108 MB
BatchMode: 1, IsHumanControllingUs: 0, StartBugReporterOnCrash: 0, Is64bit: 1, IsPro: 1

COMMAND LINE ARGUMENTS:
C:\Program Files\Unity\Hub\Editor\2022.3.8f1\Editor\Unity.exe
-adb2
-batchMode
-noUpm
-name
AssetImportWorker2
-projectPath
D:/UnityProjj/Ejderya
-logFile
Logs/AssetImportWorker2.log
-srvPort
45470
Successfully changed project path to: D:/UnityProjj/Ejderya
D:/UnityProjj/Ejderya
[UnityMemory] Configuration Parameters - Can be set up in boot.config
    "memorysetup-bucket-allocator-granularity=16"
    "memorysetup-bucket-allocator-bucket-count=8"
    "memorysetup-bucket-allocator-block-size=33554432"
    "memorysetup-bucket-allocator-block-count=8"
    "memorysetup-main-allocator-block-size=16777216"
    "memorysetup-thread-allocator-block-size=16777216"
    "memorysetup-gfx-main-allocator-block-size=16777216"
    "memorysetup-gfx-thread-allocator-block-size=16777216"
    "memorysetup-cache-allocator-block-size=4194304"
    "memorysetup-typetree-allocator-block-size=2097152"
    "memorysetup-profiler-bucket-allocator-granularity=16"
    "memorysetup-profiler-bucket-allocator-bucket-count=8"
    "memorysetup-profiler-bucket-allocator-block-size=33554432"
    "memorysetup-profiler-bucket-allocator-block-count=8"
    "memorysetup-profiler-allocator-block-size=16777216"
    "memorysetup-profiler-editor-allocator-block-size=1048576"
    "memorysetup-temp-allocator-size-main=16777216"
    "memorysetup-job-temp-allocator-block-size=2097152"
    "memorysetup-job-temp-allocator-block-size-background=1048576"
    "memorysetup-job-temp-allocator-reduction-small-platforms=262144"
    "memorysetup-allocator-temp-initial-block-size-main=262144"
    "memorysetup-allocator-temp-initial-block-size-worker=262144"
    "memorysetup-temp-allocator-size-background-worker=32768"
    "memorysetup-temp-allocator-size-job-worker=262144"
    "memorysetup-temp-allocator-size-preload-manager=33554432"
    "memorysetup-temp-allocator-size-nav-mesh-worker=65536"
    "memorysetup-temp-allocator-size-audio-worker=65536"
    "memorysetup-temp-allocator-size-cloud-worker=32768"
    "memorysetup-temp-allocator-size-gi-baking-worker=262144"
    "memorysetup-temp-allocator-size-gfx=262144"
Player connection [6960] Host "[IP] 192.168.1.89 [Port] 0 [Flags] 2 [Guid] 2482309362 [EditorId] 2482309362 [Version] 1048832 [Id] WindowsEditor(7,YY_) [Debug] 1 [PackageName] WindowsEditor [ProjectName] Editor" joined multi-casting on [225.0.0.222:54997]...

Player connection [6960] Host "[IP] 192.168.1.89 [Port] 0 [Flags] 2 [Guid] 2482309362 [EditorId] 2482309362 [Version] 1048832 [Id] WindowsEditor(7,YY_) [Debug] 1 [PackageName] WindowsEditor [ProjectName] Editor" joined alternative multi-casting on [225.0.0.222:34997]...

[Physics::Module] Initialized MultithreadedJobDispatcher with 19 workers.
Refreshing native plugins compatible for Editor in 92.10 ms, found 11 plugins.
Preloading 0 native plugins for Editor in 0.00 ms.
Initialize engine version: 2022.3.8f1 (b5eafc012955)
[Subsystems] Discovering subsystems at path C:/Program Files/Unity/Hub/Editor/2022.3.8f1/Editor/Data/Resources/UnitySubsystems
[Subsystems] Discovering subsystems at path D:/UnityProjj/Ejderya/Assets
GfxDevice: creating device client; threaded=0; jobified=0
Direct3D:
    Version:  Direct3D 11.0 [level 11.1]
    Renderer: Intel(R) Iris(R) Xe Graphics (ID=0xa7a0)
    Vendor:   Intel
    VRAM:     8054 MB
    Driver:   31.0.101.4146
Initialize mono
Mono path[0] = 'C:/Program Files/Unity/Hub/Editor/2022.3.8f1/Editor/Data/Managed'
Mono path[1] = 'C:/Program Files/Unity/Hub/Editor/2022.3.8f1/Editor/Data/MonoBleedingEdge/lib/mono/unityjit-win32'
Mono config path = 'C:/Program Files/Unity/Hub/Editor/2022.3.8f1/Editor/Data/MonoBleedingEdge/etc'
Using monoOptions --debugger-agent=transport=dt_socket,embedding=1,server=y,suspend=n,address=127.0.0.1:56084
Begin MonoManager ReloadAssembly
Registering precompiled unity dll's ...
Register platform support module: C:/Program Files/Unity/Hub/Editor/2022.3.8f1/Editor/Data/PlaybackEngines/WebGLSupport/UnityEditor.WebGL.Extensions.dll
Register platform support module: C:/Program Files/Unity/Hub/Editor/2022.3.8f1/Editor/Data/PlaybackEngines/AndroidPlayer/UnityEditor.Android.Extensions.dll
Register platform support module: C:/Program Files/Unity/Hub/Editor/2022.3.8f1/Editor/Data/PlaybackEngines/WindowsStandaloneSupport/UnityEditor.WindowsStandalone.Extensions.dll
Registered in 0.014100 seconds.
- Loaded All Assemblies, in  0.562 seconds
Native extension for WindowsStandalone target not found
Native extension for Android target not found
Android Extension - Scanning For ADB Devices 414 ms
Native extension for WebGL target not found
Mono: successfully reloaded assembly
- Finished resetting the current domain, in  0.843 seconds
Domain Reload Profiling: 1403ms
	BeginReloadAssembly (154ms)
		ExecutionOrderSort (0ms)
		DisableScriptedObjects (0ms)
		BackupInstance (0ms)
		ReleaseScriptingObjects (0ms)
		CreateAndSetChildDomain (1ms)
	RebuildCommonClasses (52ms)
	RebuildNativeTypeToScriptingClass (16ms)
	initialDomainReloadingComplete (95ms)
	LoadAllAssembliesAndSetupDomain (242ms)
		LoadAssemblies (153ms)
		RebuildTransferFunctionScriptingTraits (0ms)
		AnalyzeDomain (238ms)
			TypeCache.Refresh (235ms)
				TypeCache.ScanAssembly (217ms)
			ScanForSourceGeneratedMonoScriptInfo (1ms)
			ResolveRequiredComponents (1ms)
	FinalizeReload (844ms)
		ReleaseScriptCaches (0ms)
		RebuildScriptCaches (0ms)
		SetupLoadedEditorAssemblies (772ms)
			LogAssemblyErrors (0ms)
			InitializePlatformSupportModulesInManaged (586ms)
			SetLoadedEditorAssemblies (5ms)
			RefreshPlugins (0ms)
			BeforeProcessingInitializeOnLoad (2ms)
			ProcessInitializeOnLoadAttributes (113ms)
			ProcessInitializeOnLoadMethodAttributes (66ms)
			AfterProcessingInitializeOnLoad (0ms)
			EditorAssembliesLoaded (0ms)
		ExecutionOrderSort2 (0ms)
		AwakeInstancesAfterBackupRestoration (0ms)
========================================================================
Worker process is ready to serve import requests
Begin MonoManager ReloadAssembly
OutOfMemoryException: Out of memory
  at (wrapper managed-to-native) System.Object.__icall_wrapper_ves_icall_array_new_specific(intptr,int)
  at System.IO.MemoryStream..ctor (System.Int32 capacity) [0x00023] in <b89873cb176e44a995a4781c7487d410>:0 
  at (wrapper remoting-invoke-with-check) System.IO.MemoryStream..ctor(int)
  at Mono.Cecil.ModuleDefinition.ReadModule (System.String fileName, Mono.Cecil.ReaderParameters parameters) [0x0002e] in <a6860a9f6366437387ebdc1f225b7fd4>:0 
  at Mono.Cecil.BaseAssemblyResolver.GetAssembly (System.String file, Mono.Cecil.ReaderParameters parameters) [0x0000f] in <a6860a9f6366437387ebdc1f225b7fd4>:0 
  at Mono.Cecil.BaseAssemblyResolver.SearchDirectory (Mono.Cecil.AssemblyNameReference name, System.Collections.Generic.IEnumerable`1[T] directories, Mono.Cecil.ReaderParameters parameters) [0x00073] in <a6860a9f6366437387ebdc1f225b7fd4>:0 
  at Mono.Cecil.BaseAssemblyResolver.Resolve (Mono.Cecil.AssemblyNameReference name, Mono.Cecil.ReaderParameters parameters) [0x0000c] in <a6860a9f6366437387ebdc1f225b7fd4>:0 
  at Mono.Cecil.BaseAssemblyResolver.Resolve (Mono.Cecil.AssemblyNameReference name) [0x00007] in <a6860a9f6366437387ebdc1f225b7fd4>:0 
  at UnityEditor.AssemblyValidation+AssemblyResolver.Resolve (Mono.Cecil.AssemblyNameReference name) [0x0002f] in <35c0e5f206594d2fa707969117964d70>:0 
  at UnityEditor.AssemblyValidation.ResolveAndSetupReferences (System.Int32 index, UnityEditor.AssemblyValidation+Error[] errors, Mono.Cecil.AssemblyDefinition[] assemblyDefinitions, System.Collections.Generic.Dictionary`2[TKey,TValue] assemblyDefinitionNameToIndex, UnityEditor.AssemblyValidation+AssemblyAndReferences[] assemblyAndReferences, System.String assemblyPath) [0x00084] in <35c0e5f206594d2fa707969117964d70>:0 
  at UnityEditor.AssemblyValidation.CheckAssemblyReferences (System.String[] assemblyPaths, UnityEditor.AssemblyValidation+Error[] errors, Mono.Cecil.AssemblyDefinition[] assemblyDefinitions, System.Func`2[T,TResult] compatibleWithEditor) [0x00106] in <35c0e5f206594d2fa707969117964d70>:0 
  at UnityEditor.AssemblyValidation.ValidateAssemblyDefinitions (System.String[] assemblyPaths, Mono.Cecil.AssemblyDefinition[] assemblyDefinitions, System.Func`2[T,TResult] compatibleWithEditor) [0x0000a] in <35c0e5f206594d2fa707969117964d70>:0 
  at UnityEditor.AssemblyValidation.ValidateAssemblies (System.String[] assemblyPaths, System.Boolean enableLogging) [0x00054] in <35c0e5f206594d2fa707969117964d70>:0 

Symbol file LoadedFromMemory is not a mono symbol file
Failed loading assembly Library/ScriptAssemblies/Unity.InputSystem.dll reason: Not enough space
Loading assembly failed: "Library/ScriptAssemblies/Unity.InputSystem.dll" reason: Not enough space
Failed loading assembly Library/ScriptAssemblies/Unity.Mathematics.dll reason: Not enough space
Loading assembly failed: "Library/ScriptAssemblies/Unity.Mathematics.dll" reason: Not enough space
Could not allocate memory: System out of memory!
Trying to allocate: 5215233B with 16 alignment. MemoryLabel: Serialization
Allocation happened at: Line:530 in C:\build\output\unity\unity\Runtime\Core\Containers\StringStorageDefault.h
Memory overview

[ ALLOC_TEMP_TLS ] used: 5235108B | peak: 0B | reserved: 28114944B 
[ ALLOC_MEMORYPROFILER ] used: 832176B | peak: 832176B | reserved: 2097152B 
[ ALLOC_DEFAULT ] used: 48172240B | peak: 0B | reserved: 67108864B 
[ ALLOC_TEMP_JOB_1_FRAME ] used: 0B | peak: 0B | reserved: 0B 
[ ALLOC_TEMP_JOB_2_FRAMES ] used: 0B | peak: 0B | reserved: 0B 
[ ALLOC_TEMP_JOB_4_FRAMES (JobTemp) ] used: 0B | peak: 0B | reserved: 2097152B 
[ ALLOC_TEMP_JOB_ASYNC (Background) ] used: 0B | peak: 0B | reserved: 2097152B 
[ ALLOC_GFX ] used: 88464B | peak: 0B | reserved: 16777216B 
[ ALLOC_CACHEOBJECTS ] used: 93300513B | peak: 0B | reserved: 97828864B 
[ ALLOC_TYPETREE ] used: 25407136B | peak: 0B | reserved: 29360128B 
[ ALLOC_PROFILER ] used: 341568B | peak: 352656B | reserved: 16777216B 
[ ALLOC_PROFILER_EDITOR ] used: 0B | peak: 0B | reserved: 0B 
Could not allocate memory: System out of memory!
Trying to allocate: 5215233B with 16 alignment. MemoryLabel: Serialization
Allocation happened at: Line:530 in C:\build\output\unity\unity\Runtime\Core\Containers\StringStorageDefault.h
Memory overview

[ ALLOC_TEMP_TLS ] used: 5235108B | peak: 0B | reserved: 28114944B 
[ ALLOC_MEMORYPROFILER ] used: 832176B | peak: 832176B | reserved: 2097152B 
[ ALLOC_DEFAULT ] used: 48172240B | peak: 0B | reserved: 67108864B 
[ ALLOC_TEMP_JOB_1_FRAME ] used: 0B | peak: 0B | reserved: 0B 
[ ALLOC_TEMP_JOB_2_FRAMES ] used: 0B | peak: 0B | reserved: 0B 
[ ALLOC_TEMP_JOB_4_FRAMES (JobTemp) ] used: 0B | peak: 0B | reserved: 2097152B 
[ ALLOC_TEMP_JOB_ASYNC (Background) ] used: 0B | peak: 0B | reserved: 2097152B 
[ ALLOC_GFX ] used: 88464B | peak: 0B | reserved: 16777216B 
[ ALLOC_CACHEOBJECTS ] used: 93300513B | peak: 0B | reserved: 97828864B 
[ ALLOC_TYPETREE ] used: 25407136B | peak: 0B | reserved: 29360128B 
[ ALLOC_PROFILER ] used: 341568B | peak: 352656B | reserved: 16777216B 
[ ALLOC_PROFILER_EDITOR ] used: 0B | peak: 0B | reserved: 0B 
Fatal Error! Could not allocate memory: System out of memory!
Trying to allocate: 5215233B with 16 alignment. MemoryLabel: Serialization
Allocation happened at: Line:530 in C:\build\output\unity\unity\Runtime\Core\Containers\StringStorageDefault.h
Memory overview

[ ALLOC_TEMP_TLS ] used: 5235108B | peak: 0B | reserved: 28114944B 
[ ALLOC_MEMORYPROFILER ] used: 832176B | peak: 832176B | reserved: 2097152B 
[ ALLOC_DEFAULT ] used: 48172240B | peak: 0B | reserved: 67108864B 
[ ALLOC_TEMP_JOB_1_FRAME ] used: 0B | peak: 0B | reserved: 0B 
[ ALLOC_TEMP_JOB_2_FRAMES ] used: 0B | peak: 0B | reserved: 0B 
[ ALLOC_TEMP_JOB_4_FRAMES (JobTemp) ] used: 0B | peak: 0B | reserved: 2097152B 
[ ALLOC_TEMP_JOB_ASYNC (Background) ] used: 0B | peak: 0B | reserved: 2097152B 
[ ALLOC_GFX ] used: 88464B | peak: 0B | reserved: 16777216B 
[ ALLOC_CACHEOBJECTS ] used: 93300513B | peak: 0B | reserved: 97828864B 
[ ALLOC_TYPETREE ] used: 25407136B | peak: 0B | reserved: 29360128B 
[ ALLOC_PROFILER ] used: 341568B | peak: 352656B | reserved: 16777216B 
[ ALLOC_PROFILER_EDITOR ] used: 0B | peak: 0B | reserved: 0B 

Crash!!!
SymInit: Symbol-SearchPath: 'C:/Program Files/Unity/Hub/Editor/2022.3.8f1/Editor/Data/Mono;.;D:\UnityProjj\Ejderya;D:\UnityProjj\Ejderya\Library\BurstCache\JIT;C:\Program Files\Unity\Hub\Editor\2022.3.8f1\Editor;C:\Windows;C:\Windows\system32;', symOptions: 534, UserName: 'yagmu'
OS-Version: 10.0.0
C:\Program Files\Unity\Hub\Editor\2022.3.8f1\Editor\Unity.exe:Unity.exe (00007FF706670000), size: 82264064 (result: 0), SymType: '-deferred-', PDB: '', fileVersion: 2022.3.8.60156
C:\Windows\SYSTEM32\ntdll.dll:ntdll.dll (00007FFDB1750000), size: 2179072 (result: 0), SymType: '-deferred-', PDB: '', fileVersion: 10.0.22621.2134
C:\Windows\System32\KERNEL32.DLL:KERNEL32.DLL (00007FFDB0F00000), size: 802816 (result: 0), SymType: '-deferred-', PDB: '', fileVersion: 10.0.22621.2070
C:\Windows\System32\KERNELBASE.dll:KERNELBASE.dll (00007FFDAECC0000), size: 3817472 (result: 0), SymType: '-deferred-', PDB: '', fileVersion: 10.0.22621.2134
C:\Windows\System32\CRYPT32.dll:CRYPT32.dll (00007FFDAF190000), size: 1470464 (result: 0), SymType: '-deferred-', PDB: '', fileVersion: 10.0.22621.2070
C:\Windows\System32\ucrtbase.dll:ucrtbase.dll (00007FFDAF3F0000), size: 1118208 (result: 0), SymType: '-deferred-', PDB: '', fileVersion: 10.0.22621.608
C:\Windows\System32\USER32.dll:USER32.dll (00007FFDB0FD0000), size: 1744896 (result: 0), SymType: '-deferred-', PDB: '', fileVersion: 10.0.22621.1928
C:\Windows\System32\win32u.dll:win32u.dll (00007FFDAF300000), size: 155648 (result: 0), SymType: '-deferred-', PDB: '', fileVersion: 10.0.22621.2070
C:\Windows\System32\GDI32.dll:GDI32.dll (00007FFDB0920000), size: 167936 (result: 0), SymType: '-deferred-', PDB: '', fileVersion: 10.0.22621.1778
C:\Program Files\Unity\Hub\Editor\2022.3.8f1\Editor\libfbxsdk.dll:libfbxsdk.dll (00007FFCFA9D0000), size: 10067968 (result: 0), SymType: '-deferred-', PDB: '', fileVersion: 2020.3.3.0
C:\Windows\System32\gdi32full.dll:gdi32full.dll (00007FFDAF070000), size: 1150976 (result: 0), SymType: '-deferred-', PDB: '', fileVersion: 10.0.22621.2070
C:\Program Files\Unity\Hub\Editor\2022.3.8f1\Editor\s3tcompress.dll:s3tcompress.dll (00007FFD3E520000), size: 180224 (result: 0), SymType: '-deferred-', PDB: ''
C:\Windows\System32\msvcp_win.dll:msvcp_win.dll (00007FFDAEBA0000), size: 630784 (result: 0), SymType: '-deferred-', PDB: '', fileVersion: 10.0.22621.608
C:\Program Files\Unity\Hub\Editor\2022.3.8f1\Editor\ispc_texcomp.dll:ispc_texcomp.dll (00007FFCEC780000), size: 1826816 (result: 0), SymType: '-deferred-', PDB: ''
C:\Program Files\Unity\Hub\Editor\2022.3.8f1\Editor\compress_bc7e.dll:compress_bc7e.dll (00007FFD03E70000), size: 1433600 (result: 8), SymType: '-unknown-', PDB: ''
  ERROR: LoadModule, GetLastError: 'Bu komutu işlemek için yeterli bellek kaynağı yok.' (Address: 0000000000000000)
C:\Program Files\Unity\Hub\Editor\2022.3.8f1\Editor\etccompress.dll:etccompress.dll (00007FFCFA4F0000), size: 5066752 (result: 8), SymType: '-unknown-', PDB: ''
  ERROR: LoadModule, GetLastError: 'Bu komutu işlemek için yeterli bellek kaynağı yok.' (Address: 0000000000000000)
C:\Program Files\Unity\Hub\Editor\2022.3.8f1\Editor\FreeImage.dll:FreeImage.dll (0000000180000000), size: 6582272 (result: 8), SymType: '-unknown-', PDB: '', fileVersion: 3.18.0.0
  ERROR: LoadModule, GetLastError: 'Bu komutu işlemek için yeterli bellek kaynağı yok.' (Address: 0000000000000000)
C:\Program Files\Unity\Hub\Editor\2022.3.8f1\Editor\WinPixEventRuntime.dll:WinPixEventRuntime.dll (00007FFD877E0000), size: 45056 (result: 8), SymType: '-unknown-', PDB: '', fileVersion: 1.0.1812.6001
  ERROR: LoadModule, GetLastError: 'Bu komutu işlemek için yeterli bellek kaynağı yok.' (Address: 0000000000000000)
C:\Windows\System32\WS2_32.dll:WS2_32.dll (00007FFDB01C0000), size: 462848 (result: 8), SymType: '-unknown-', PDB: '', fileVersion: 10.0.22621.1
  ERROR: LoadModule, GetLastError: 'Bu komutu işlemek için yeterli bellek kaynağı yok.' (Address: 0000000000000000)
C:\Windows\System32\ADVAPI32.dll:ADVAPI32.dll (00007FFDB1660000), size: 720896 (result: 8), SymType: '-unknown-', PDB: '', fileVersion: 10.0.22621.2070
  ERROR: LoadModule, GetLastError: 'Bu komutu işlemek için yeterli bellek kaynağı yok.' (Address: 0000000000000000)
C:\Windows\System32\RPCRT4.dll:RPCRT4.dll (00007FFDAFF40000), size: 1142784 (result: 8), SymType: '-unknown-', PDB: '', fileVersion: 10.0.22621.1992
  ERROR: LoadModule, GetLastError: 'Bu komutu işlemek için yeterli bellek kaynağı yok.' (Address: 0000000000000000)
C:\Windows\System32\msvcrt.dll:msvcrt.dll (00007FFDB14B0000), size: 684032 (result: 8), SymType: '-unknown-', PDB: '', fileVersion: 7.0.22621.608
  ERROR: LoadModule, GetLastError: 'Bu komutu işlemek için yeterli bellek kaynağı yok.' (Address: 0000000000000000)
C:\Windows\System32\sechost.dll:sechost.dll (00007FFDB0850000), size: 679936 (result: 8), SymType: '-unknown-', PDB: '', fileVersion: 10.0.22621.2070
  ERROR: LoadModule, GetLastError: 'Bu komutu işlemek için yeterli bellek kaynağı yok.' (Address: 0000000000000000)
C:\Program Files\Unity\Hub\Editor\2022.3.8f1\Editor\umbraoptimizer64.dll:umbraoptimizer64.dll (00007FFCEC650000), size: 1187840 (result: 0), SymType: '-deferred-', PDB: ''
C:\Windows\System32\SHELL32.dll:SHELL32.dll (00007FFDAF6C0000), size: 8478720 (result: 8), SymType: '-unknown-', PDB: '', fileVersion: 10.0.22621.2070
  ERROR: LoadModule, GetLastError: 'Bu komutu işlemek için yeterli bellek kaynağı yok.' (Address: 0000000000000000)
C:\Windows\System32\SHLWAPI.dll:SHLWAPI.dll (00007FFDAFEE0000), size: 385024 (result: 8), SymType: '-unknown-', PDB: '', fileVersion: 10.0.22621.1635
  ERROR: LoadModule, GetLastError: 'Bu komutu işlemek için yeterli bellek kaynağı yok.' (Address: 0000000000000000)
C:\Windows\System32\ole32.dll:ole32.dll (00007FFDB11A0000), size: 1687552 (result: 0), SymType: '-deferred-', PDB: '', fileVersion: 10.0.22621.1702
C:\Windows\System32\combase.dll:combase.dll (00007FFDB0240000), size: 3710976 (result: 8), SymType: '-unknown-', PDB: '', fileVersion: 10.0.22621.2070
  ERROR: LoadModule, GetLastError: 'Bu komutu işlemek için yeterli bellek kaynağı yok.' (Address: 0000000000000000)
C:\Windows\System32\IMM32.dll:IMM32.dll (00007FFDB1470000), size: 200704 (result: 8), SymType: '-unknown-', PDB: '', fileVersion: 10.0.22621.1344
  ERROR: LoadModule, GetLastError: 'Bu komutu işlemek için yeterli bellek kaynağı yok.' (Address: 0000000000000000)
C:\Windows\System32\SETUPAPI.dll:SETUPAPI.dll (00007FFDB0A20000), size: 4669440 (result: 8), SymType: '-unknown-', PDB: '', fileVersion: 10.0.22621.1778
  ERROR: LoadModule, GetLastError: 'Bu komutu işlemek için yeterli bellek kaynağı yok.' (Address: 0000000000000000)
C:\Windows\SYSTEM32\VCRUNTIME140.dll:VCRUNTIME140.dll (00007FFD8D870000), size: 110592 (result: 0), SymType: '-deferred-', PDB: '', fileVersion: 14.36.32532.0
C:\Windows\SYSTEM32\MSVCP140.dll:MSVCP140.dll (00007FFD8FB40000), size: 581632 (result: 8), SymType: '-unknown-', PDB: '', fileVersion: 14.36.32532.0
  ERROR: LoadModule, GetLastError: 'Bu komutu işlemek için yeterli bellek kaynağı yok.' (Address: 0000000000000000)
C:\Windows\System32\OLEAUT32.dll:OLEAUT32.dll (00007FFDB0060000), size: 880640 (result: 8), SymType: '-unknown-', PDB: '', fileVersion: 10.0.22621.1992
  ERROR: LoadModule, GetLastError: 'Bu komutu işlemek için yeterli bellek kaynağı yok.' (Address: 0000000000000000)
C:\Windows\System32\WINTRUST.dll:WINTRUST.dll (00007FFDAEB30000), size: 438272 (result: 8), SymType: '-unknown-', PDB: '', fileVersion: 10.0.22621.2070
  ERROR: LoadModule, GetLastError: 'Bu komutu işlemek için yeterli bellek kaynağı yok.' (Address: 0000000000000000)
C:\Windows\SYSTEM32\GLU32.dll:GLU32.dll (00007FFD3E4F0000), size: 184320 (result: 8), SymType: '-unknown-', PDB: '', fileVersion: 10.0.22621.608
  ERROR: LoadModule, GetLastError: 'Bu komutu işlemek için yeterli bellek kaynağı yok.' (Address: 0000000000000000)
C:\Windows\SYSTEM32\OPENGL32.dll:OPENGL32.dll (00007FFD33A70000), size: 1048576 (result: 8), SymType: '-unknown-', PDB: '', fileVersion: 10.0.22621.1635
  ERROR: LoadModule, GetLastError: 'Bu komutu işlemek için yeterli bellek kaynağı yok.' (Address: 0000000000000000)
C:\Windows\SYSTEM32\WINHTTP.dll:WINHTTP.dll (00007FFDA8610000), size: 1273856 (result: 0), SymType: '-deferred-', PDB: '', fileVersion: 10.0.22621.1635
C:\Windows\SYSTEM32\WINMM.dll:WINMM.dll (00007FFDABF80000), size: 212992 (result: 0), SymType: '-deferred-', PDB: '', fileVersion: 10.0.22621.1635
C:\Windows\SYSTEM32\bcrypt.dll:bcrypt.dll (00007FFDAE480000), size: 163840 (result: 0), SymType: '-deferred-', PDB: '', fileVersion: 10.0.22621.1992
C:\Windows\SYSTEM32\HID.DLL:HID.DLL (00007FFDAD3A0000), size: 57344 (result: 0), SymType: '-deferred-', PDB: '', fileVersion: 10.0.22621.1
C:\Windows\SYSTEM32\IPHLPAPI.DLL:IPHLPAPI.DLL (00007FFDAD650000), size: 184320 (result: 0), SymType: '-deferred-', PDB: '', fileVersion: 10.0.22621.1
C:\Windows\SYSTEM32\dwmapi.dll:dwmapi.dll (00007FFDABA80000), size: 176128 (result: 0), SymType: '-deferred-', PDB: '', fileVersion: 10.0.22621.1635
C:\Windows\SYSTEM32\VERSION.dll:VERSION.dll (00007FFD9BC90000), size: 40960 (result: 0), SymType: '-deferred-', PDB: '', fileVersion: 10.0.22621.1
C:\Windows\SYSTEM32\VCRUNTIME140_1.dll:VCRUNTIME140_1.dll (00007FFD87EB0000), size: 49152 (result: 0), SymType: '-deferred-', PDB: '', fileVersion: 14.36.32532.0
C:\Windows\SYSTEM32\WSOCK32.dll:WSOCK32.dll (00007FFD87480000), size: 36864 (result: 0), SymType: '-deferred-', PDB: '', fileVersion: 10.0.22621.1
C:\Program Files\Unity\Hub\Editor\2022.3.8f1\Editor\SketchUpAPI.dll:SketchUpAPI.dll (00007FFCEBDB0000), size: 8990720 (result: 0), SymType: '-deferred-', PDB: '', fileVersion: 23.0.0.0
C:\Windows\SYSTEM32\dxcore.dll:dxcore.dll (00007FFDAB930000), size: 229376 (result: 0), SymType: '-deferred-', PDB: '', fileVersion: 10.0.22621.1778
C:\Program Files\Unity\Hub\Editor\2022.3.8f1\Editor\SketchUpCommonPreferences.dll:SketchUpCommonPreferences.dll (00007FFCEBD30000), size: 499712 (result: 0), SymType: '-deferred-', PDB: '', fileVersion: 23.0.0.0
C:\Windows\SYSTEM32\Secur32.dll:Secur32.dll (00007FFD8D3C0000), size: 49152 (result: 0), SymType: '-deferred-', PDB: '', fileVersion: 10.0.22621.1
C:\Windows\SYSTEM32\SSPICLI.DLL:SSPICLI.DLL (00007FFDADDD0000), size: 270336 (result: 0), SymType: '-deferred-', PDB: '', fileVersion: 10.0.22621.2070
C:\Program Files\Unity\Hub\Editor\2022.3.8f1\Editor\OpenRL.dll:OpenRL.dll (00000252DFAD0000), size: 12779520 (result: 0), SymType: '-deferred-', PDB: '', fileVersion: 1.5.0.2907
C:\Windows\SYSTEM32\MSVCP100.dll:MSVCP100.dll (0000000057870000), size: 622592 (result: 0), SymType: '-deferred-', PDB: '', fileVersion: 10.0.40219.325
C:\Windows\SYSTEM32\MSVCR100.dll:MSVCR100.dll (0000000057210000), size: 860160 (result: 0), SymType: '-deferred-', PDB: '', fileVersion: 10.0.40219.325
C:\Program Files\Unity\Hub\Editor\2022.3.8f1\Editor\embree.dll:embree.dll (00007FFCEAD40000), size: 16711680 (result: 0), SymType: '-deferred-', PDB: '', fileVersion: 2.14.0.0
C:\Windows\SYSTEM32\cfgmgr32.DLL:cfgmgr32.DLL (00007FFDAE7F0000), size: 319488 (result: 0), SymType: '-deferred-', PDB: '', fileVersion: 10.0.22621.1344
C:\Program Files\Unity\Hub\Editor\2022.3.8f1\Editor\tbb.dll:tbb.dll (00007FFCEACD0000), size: 413696 (result: 0), SymType: '-deferred-', PDB: '', fileVersion: 2017.0.2016.1004
C:\Windows\SYSTEM32\MSWSOCK.DLL:MSWSOCK.DLL (00007FFDADFF0000), size: 430080 (result: 0), SymType: '-deferred-', PDB: '', fileVersion: 10.0.22621.1
C:\Windows\SYSTEM32\MSVCP120.dll:MSVCP120.dll (00007FFCEAC20000), size: 679936 (result: 0), SymType: '-deferred-', PDB: '', fileVersion: 12.0.40649.5
C:\Windows\SYSTEM32\MSVCR120.dll:MSVCR120.dll (00007FFCEAB30000), size: 978944 (result: 0), SymType: '-deferred-', PDB: '', fileVersion: 12.0.40649.5
C:\Program Files\Unity\Hub\Editor\2022.3.8f1\Editor\OpenRL_pthread.dll:OpenRL_pthread.dll (00000252E0720000), size: 61440 (result: 0), SymType: '-deferred-', PDB: '', fileVersion: 2.9.0.0
C:\Windows\SYSTEM32\MSASN1.dll:MSASN1.dll (00007FFDAE7D0000), size: 73728 (result: 0), SymType: '-deferred-', PDB: '', fileVersion: 10.0.22621.819
C:\Windows\System32\bcryptprimitives.dll:bcryptprimitives.dll (00007FFDAEC40000), size: 499712 (result: 0), SymType: '-deferred-', PDB: '', fileVersion: 10.0.22621.1928
C:\Windows\SYSTEM32\kernel.appcore.dll:kernel.appcore.dll (00007FFDADB20000), size: 98304 (result: 0), SymType: '-deferred-', PDB: '', fileVersion: 10.0.22621.1
C:\Windows\system32\uxtheme.dll:uxtheme.dll (00007FFDAB830000), size: 700416 (result: 0), SymType: '-deferred-', PDB: '', fileVersion: 10.0.22621.1635
C:\Windows\SYSTEM32\windows.storage.dll:windows.storage.dll (00007FFDACAB0000), size: 9347072 (result: 0), SymType: '-deferred-', PDB: '', fileVersion: 10.0.22621.2070
C:\Windows\SYSTEM32\wintypes.dll:wintypes.dll (00007FFDAC970000), size: 1302528 (result: 0), SymType: '-deferred-', PDB: '', fileVersion: 10.0.22621.2070
C:\Windows\System32\SHCORE.dll:SHCORE.dll (00007FFDAF510000), size: 995328 (result: 0), SymType: '-deferred-', PDB: '', fileVersion: 10.0.22621.2070
C:\Windows\SYSTEM32\profapi.dll:profapi.dll (00007FFDAEA60000), size: 155648 (result: 0), SymType: '-deferred-', PDB: '', fileVersion: 10.0.22621.1928
C:\Windows\system32\IconCodecService.dll:IconCodecService.dll (00007FFD9ADD0000), size: 36864 (result: 0), SymType: '-deferred-', PDB: '', fileVersion: 10.0.22621.1
C:\Windows\SYSTEM32\WindowsCodecs.dll:WindowsCodecs.dll (00007FFDA9FA0000), size: 1769472 (result: 0), SymType: '-deferred-', PDB: '', fileVersion: 10.0.22621.1635
C:\Windows\System32\clbcatq.dll:clbcatq.dll (00007FFDAF610000), size: 720896 (result: 0), SymType: '-deferred-', PDB: '', fileVersion: 2001.12.10941.16384
C:\Windows\System32\netprofm.dll:netprofm.dll (00007FFDA7AA0000), size: 491520 (result: 0), SymType: '-deferred-', PDB: '', fileVersion: 10.0.22621.2070
C:\Windows\System32\npmproxy.dll:npmproxy.dll (00007FFDA2C20000), size: 98304 (result: 0), SymType: '-deferred-', PDB: '', fileVersion: 10.0.22621.1635
C:\Windows\System32\NSI.dll:NSI.dll (00007FFDB0900000), size: 36864 (result: 0), SymType: '-deferred-', PDB: '', fileVersion: 10.0.22621.1
C:\Windows\SYSTEM32\dhcpcsvc6.DLL:dhcpcsvc6.DLL (00007FFDA6C30000), size: 102400 (result: 0), SymType: '-deferred-', PDB: '', fileVersion: 10.0.22621.1344
C:\Windows\SYSTEM32\dhcpcsvc.DLL:dhcpcsvc.DLL (00007FFDA5E90000), size: 126976 (result: 0), SymType: '-deferred-', PDB: '', fileVersion: 10.0.22621.1344
C:\Windows\SYSTEM32\DNSAPI.dll:DNSAPI.dll (00007FFDAD680000), size: 995328 (result: 0), SymType: '-deferred-', PDB: '', fileVersion: 10.0.22621.1778
C:\Windows\system32\napinsp.dll:napinsp.dll (00007FFD7A4B0000), size: 94208 (result: 0), SymType: '-deferred-', PDB: '', fileVersion: 10.0.22621.1
C:\Windows\system32\pnrpnsp.dll:pnrpnsp.dll (00007FFD7A490000), size: 110592 (result: 0), SymType: '-deferred-', PDB: '', fileVersion: 10.0.22621.1
C:\Windows\System32\winrnr.dll:winrnr.dll (00007FFD7A470000), size: 69632 (result: 0), SymType: '-deferred-', PDB: '', fileVersion: 10.0.22621.1
C:\Windows\system32\wshbth.dll:wshbth.dll (00007FFDA6DB0000), size: 86016 (result: 0), SymType: '-deferred-', PDB: '', fileVersion: 10.0.22621.1778
C:\Windows\system32\nlansp_c.dll:nlansp_c.dll (00007FFD7A440000), size: 135168 (result: 0), SymType: '-deferred-', PDB: '', fileVersion: 10.0.22621.2070
C:\Windows\System32\fwpuclnt.dll:fwpuclnt.dll (00007FFDA3A80000), size: 540672 (result: 0), SymType: '-deferred-', PDB: '', fileVersion: 10.0.22621.2070
C:\Windows\System32\rasadhlp.dll:rasadhlp.dll (00007FFDA5B50000), size: 40960 (result: 0), SymType: '-deferred-', PDB: '', fileVersion: 10.0.22621.1
C:\Program Files\Unity\Hub\Editor\2022.3.8f1\Editor\NVUnityPlugin.DLL:NVUnityPlugin.DLL (00007FFD356E0000), size: 1519616 (result: 0), SymType: '-deferred-', PDB: ''
C:\Program Files\Unity\Hub\Editor\2022.3.8f1\Editor\Data\Tools\astcenc-avx2.dll:astcenc-avx2.dll (00007FFD35650000), size: 540672 (result: 0), SymType: '-deferred-', PDB: ''
C:\Windows\SYSTEM32\d3d11.dll:d3d11.dll (00007FFDAA990000), size: 2453504 (result: 0), SymType: '-deferred-', PDB: '', fileVersion: 10.0.22621.2070
C:\Windows\SYSTEM32\dxgi.dll:dxgi.dll (00007FFDAB970000), size: 1015808 (result: 0), SymType: '-deferred-', PDB: '', fileVersion: 10.0.22621.2070
C:\Windows\SYSTEM32\directxdatabasehelper.dll:directxdatabasehelper.dll (00007FFDA8770000), size: 303104 (result: 0), SymType: '-deferred-', PDB: '', fileVersion: 10.0.22621.2070
C:\Windows\System32\DriverStore\FileRepository\iigd_dch.inf_amd64_4c196ef6d979e7b3\igd10iumd64.dll:igd10iumd64.dll (00007FFDA56D0000), size: 4698112 (result: 0), SymType: '-deferred-', PDB: '', fileVersion: 31.0.101.4146
C:\Windows\SYSTEM32\apphelp.dll:apphelp.dll (00007FFDAB660000), size: 618496 (result: 0), SymType: '-deferred-', PDB: '', fileVersion: 10.0.22621.2070
C:\Windows\System32\DriverStore\FileRepository\iigd_dch.inf_amd64_4c196ef6d979e7b3\igd10um64xe.DLL:igd10um64xe.DLL (00007FFDA3E20000), size: 25833472 (result: 0), SymType: '-deferred-', PDB: '', fileVersion: 31.0.101.4146
C:\Windows\System32\DriverStore\FileRepository\iigd_dch.inf_amd64_4c196ef6d979e7b3\IntelControlLib.dll:IntelControlLib.dll (00007FFDA3D00000), size: 503808 (result: 0), SymType: '-deferred-', PDB: '', fileVersion: 1.0.134.0
C:\Windows\SYSTEM32\DEVOBJ.dll:DEVOBJ.dll (00007FFDAE860000), size: 180224 (result: 0), SymType: '-deferred-', PDB: '', fileVersion: 10.0.22621.1344
C:\Windows\System32\DriverStore\FileRepository\iigd_dch.inf_amd64_4c196ef6d979e7b3\igdgmm64.dll:igdgmm64.dll (00007FFDA1590000), size: 4288512 (result: 0), SymType: '-deferred-', PDB: '', fileVersion: 31.0.101.4146
C:\Windows\System32\DriverStore\FileRepository\iigd_dch.inf_amd64_4c196ef6d979e7b3\igc64.dll:igc64.dll (00007FFD9CF20000), size: 73158656 (result: 0), SymType: '-deferred-', PDB: '', fileVersion: 31.0.101.4146
C:\Windows\system32\wbem\wbemprox.dll:wbemprox.dll (00007FFD89E00000), size: 65536 (result: 0), SymType: '-deferred-', PDB: '', fileVersion: 10.0.22621.2070
C:\Windows\SYSTEM32\wbemcomn.dll:wbemcomn.dll (00007FFD87740000), size: 524288 (result: 0), SymType: '-deferred-', PDB: '', fileVersion: 10.0.22621.1
C:\Windows\system32\wbem\wbemsvc.dll:wbemsvc.dll (00007FFD81910000), size: 81920 (result: 0), SymType: '-deferred-', PDB: '', fileVersion: 10.0.22621.2070
C:\Windows\system32\wbem\fastprox.dll:fastprox.dll (00007FFD81B80000), size: 1015808 (result: 0), SymType: '-deferred-', PDB: '', fileVersion: 10.0.22621.1635
C:\Windows\SYSTEM32\amsi.dll:amsi.dll (00007FFD80100000), size: 118784 (result: 0), SymType: '-deferred-', PDB: '', fileVersion: 10.0.22621.1
C:\Windows\SYSTEM32\USERENV.dll:USERENV.dll (00007FFDAE150000), size: 180224 (result: 0), SymType: '-deferred-', PDB: '', fileVersion: 10.0.22621.1928
C:\ProgramData\Microsoft\Windows Defender\Platform\4.18.23080.2006-0\MpOav.dll:MpOav.dll (00007FFDA6770000), size: 507904 (result: 0), SymType: '-deferred-', PDB: '', fileVersion: 4.18.23080.2006
C:\Windows\SYSTEM32\opencl.dll:opencl.dll (00007FFD76980000), size: 118784 (result: 0), SymType: '-deferred-', PDB: '', fileVersion: 3.0.1.0
C:\Program Files\Unity\Hub\Editor\2022.3.8f1\Editor\radeonrays.dll:radeonrays.dll (00007FFD355C0000), size: 557056 (result: 0), SymType: '-deferred-', PDB: ''
C:\Program Files\Unity\Hub\Editor\2022.3.8f1\Editor\Data\MonoBleedingEdge\EmbedRuntime\mono-2.0-bdwgc.dll:mono-2.0-bdwgc.dll (00007FFD33040000), size: 10682368 (result: 0), SymType: '-deferred-', PDB: ''
C:\Windows\SYSTEM32\PROPSYS.dll:PROPSYS.dll (00007FFDA9790000), size: 1052672 (result: 0), SymType: '-deferred-', PDB: '', fileVersion: 7.0.22621.2070
C:\Windows\SYSTEM32\edputil.dll:edputil.dll (00007FFD7BDF0000), size: 163840 (result: 0), SymType: '-deferred-', PDB: '', fileVersion: 10.0.22621.1
C:\Windows\System32\Windows.StateRepositoryPS.dll:Windows.StateRepositoryPS.dll (00007FFD9B840000), size: 962560 (result: 0), SymType: '-deferred-', PDB: '', fileVersion: 10.0.22621.1928
C:\Windows\SYSTEM32\urlmon.dll:urlmon.dll (00007FFD97B00000), size: 2031616 (result: 0), SymType: '-deferred-', PDB: '', fileVersion: 11.0.22621.2134
C:\Windows\SYSTEM32\iertutil.dll:iertutil.dll (00007FFD97840000), size: 2867200 (result: 0), SymType: '-deferred-', PDB: '', fileVersion: 11.0.22621.2134
C:\Windows\SYSTEM32\srvcli.dll:srvcli.dll (00007FFD97810000), size: 167936 (result: 0), SymType: '-deferred-', PDB: '', fileVersion: 10.0.22621.1928
C:\Windows\SYSTEM32\netutils.dll:netutils.dll (00007FFDAD5D0000), size: 49152 (result: 0), SymType: '-deferred-', PDB: '', fileVersion: 10.0.22621.674
C:\Windows\SYSTEM32\virtdisk.dll:virtdisk.dll (00007FFD7BDD0000), size: 86016 (result: 0), SymType: '-deferred-', PDB: '', fileVersion: 10.0.22621.1
C:\Windows\SYSTEM32\Wldp.dll:Wldp.dll (00007FFDAE360000), size: 307200 (result: 8), SymType: '-unknown-', PDB: '', fileVersion: 10.0.22621.2070
  ERROR: LoadModule, GetLastError: 'Bu komutu işlemek için yeterli bellek kaynağı yok.' (Address: 0000000000000000)
C:\Windows\System32\appresolver.dll:appresolver.dll (00007FFD7BCC0000), size: 634880 (result: 8), SymType: '-unknown-', PDB: '', fileVersion: 10.0.22621.2070
  ERROR: LoadModule, GetLastError: 'Bu komutu işlemek için yeterli bellek kaynağı yok.' (Address: 0000000000000000)
C:\Windows\System32\Bcp47Langs.dll:Bcp47Langs.dll (00007FFD9A840000), size: 393216 (result: 0), SymType: '-deferred-', PDB: '', fileVersion: 10.0.22621.608
C:\Windows\System32\OneCoreUAPCommonProxyStub.dll:OneCoreUAPCommonProxyStub.dll (00007FFDA3110000), size: 6418432 (result: 0), SymType: '-deferred-', PDB: '', fileVersion: 10.0.22621.2070
C:\Windows\SYSTEM32\dbghelp.dll:dbghelp.dll (00007FFDABB80000), size: 2285568 (result: 8), SymType: '-unknown-', PDB: '', fileVersion: 10.0.22621.1
  ERROR: LoadModule, GetLastError: 'Bu komutu işlemek için yeterli bellek kaynağı yok.' (Address: 0000000000000000)
C:\Windows\System32\psapi.dll:psapi.dll (00007FFDB0820000), size: 32768 (result: 0), SymType: '-deferred-', PDB: '', fileVersion: 10.0.22621.1

========== OUTPUTTING STACK TRACE ==================

SymInit: Symbol-SearchPath: 'C:/Program Files/Unity/Hub/Editor/2022.3.8f1/Editor/Data/Mono;.;D:\UnityProjj\Ejderya;D:\UnityProjj\Ejderya\Library\BurstCache\JIT;C:\Program Files\Unity\Hub\Editor\2022.3.8f1\Editor;C:\Windows;C:\Windows\system32;', symOptions: 534, UserName: 'yagmu'
OS-Version: 10.0.0
  ERROR: SymGetSymFromAddr64, GetLastError: 'Geçersiz adrese erişim isteği.' (Address: 00007FFDAED24C3C)
0x00007FFDAED24C3C (KERNELBASE) (function-name not available)
  ERROR: SymGetSymFromAddr64, GetLastError: 'Geçersiz adrese erişim isteği.' (Address: 00007FF7082218B3)
0x00007FF7082218B3 (Unity) (function-name not available)
  ERROR: SymGetSymFromAddr64, GetLastError: 'Geçersiz adrese erişim isteği.' (Address: 00007FF7082222F3)
0x00007FF7082222F3 (Unity) (function-name not available)
0x00007FF708ED60BF (Unity) udnSetPath
0x00007FF708ED581D (Unity) udnSetPath
  ERROR: SymGetSymFromAddr64, GetLastError: 'Geçersiz adrese erişim isteği.' (Address: 00007FF707053226)
0x00007FF707053226 (Unity) (function-name not available)
  ERROR: SymGetSymFromAddr64, GetLastError: 'Geçersiz adrese erişim isteği.' (Address: 00007FF70704CC7A)
0x00007FF70704CC7A (Unity) (function-name not available)
  ERROR: SymGetSymFromAddr64, GetLastError: 'Geçersiz adrese erişim isteği.' (Address: 00007FF707056BDE)
0x00007FF707056BDE (Unity) (function-name not available)
  ERROR: SymGetSymFromAddr64, GetLastError: 'Geçersiz adrese erişim isteği.' (Address: 00007FF706943A57)
0x00007FF706943A57 (Unity) (function-name not available)
  ERROR: SymGetSymFromAddr64, GetLastError: 'Geçersiz adrese erişim isteği.' (Address: 00007FF70694272A)
0x00007FF70694272A (Unity) (function-name not available)
  ERROR: SymGetSymFromAddr64, GetLastError: 'Geçersiz adrese erişim isteği.' (Address: 00007FF707728B07)
0x00007FF707728B07 (Unity) (function-name not available)
  ERROR: SymGetSymFromAddr64, GetLastError: 'Geçersiz adrese erişim isteği.' (Address: 00007FF707727F42)
0x00007FF707727F42 (Unity) (function-name not available)
  ERROR: SymGetSymFromAddr64, GetLastError: 'Geçersiz adrese erişim isteği.' (Address: 00007FF707727D5B)
0x00007FF707727D5B (Unity) (function-name not available)
  ERROR: SymGetSymFromAddr64, GetLastError: 'Geçersiz adrese erişim isteği.' (Address: 00007FF7077272CC)
0x00007FF7077272CC (Unity) (function-name not available)
  ERROR: SymGetSymFromAddr64, GetLastError: 'Geçersiz adrese erişim isteği.' (Address: 00007FF70772A3BC)
0x00007FF70772A3BC (Unity) (function-name not available)
  ERROR: SymGetSymFromAddr64, GetLastError: 'Geçersiz adrese erişim isteği.' (Address: 00007FF7086C0FF2)
0x00007FF7086C0FF2 (Unity) (function-name not available)
  ERROR: SymGetSymFromAddr64, GetLastError: 'Geçersiz adrese erişim isteği.' (Address: 00007FF7086C15A4)
0x00007FF7086C15A4 (Unity) (function-name not available)
0x00007FF708BC1B0F (Unity) udnSetPath
0x00007FF708BFB312 (Unity) udnSetPath
0x00007FF708BE72BE (Unity) udnSetPath
0x00007FF708BE8EEE (Unity) udnSetPath
0x00007FF708BF96BC (Unity) udnSetPath
0x00007FF708BCDE7F (Unity) udnSetPath
0x00007FF708B98A37 (Unity) udnSetPath
0x00007FF708B98ABB (Unity) udnSetPath
  ERROR: SymGetSymFromAddr64, GetLastError: 'Geçersiz adrese erişim isteği.' (Address: 00007FF70839A941)
0x00007FF70839A941 (Unity) (function-name not available)
  ERROR: SymGetSymFromAddr64, GetLastError: 'Geçersiz adrese erişim isteği.' (Address: 00007FF708822E45)
0x00007FF708822E45 (Unity) (function-name not available)
0x00007FF709C0765E (Unity) udnSetPath
  ERROR: SymGetSymFromAddr64, GetLastError: 'Geçersiz adrese erişim isteği.' (Address: 00007FFDB0F126AD)
0x00007FFDB0F126AD (KERNEL32) (function-name not available)
  ERROR: SymGetSymFromAddr64, GetLastError: 'Geçersiz adrese erişim isteği.' (Address: 00007FFDB17AAA68)
0x00007FFDB17AAA68 (ntdll) (function-name not available)

========== END OF STACKTRACE ===========

A crash has been intercepted by the crash handler. For call stack and other details, see the latest crash report generated in:
 * C:/Users/yagmu/AppData/Local/Temp/Unity/Editor/Crashes
